Arguments: 
  /home/pedro/.asdf/installs/nodejs/18.3.0/bin/node /home/pedro/.yarn/bin/yarn.js dev

PATH: 
  /home/pedro/.asdf/plugins/nodejs/shims:/home/pedro/.asdf/installs/nodejs/18.3.0/.npm/bin:/home/pedro/.asdf/installs/nodejs/18.3.0/bin:/home/pedro/.yarn/bin:/home/pedro/.config/yarn/global/node_modules/.bin:/home/pedro/.asdf/shims:/home/pedro/.asdf/bin:/home/pedro/.vscode-server/bin/30d9c6cd9483b2cc586687151bcbcd635f373630/bin/remote-cli:/home/pedro/.yarn/bin:/home/pedro/.config/yarn/global/node_modules/.bin:/home/pedro/.sdkman/candidates/java/current/bin:/home/pedro/.sdkman/candidates/gradle/current/bin:/usr/local/sbin:/usr/local/bin:/usr/sbin:/usr/bin:/sbin:/bin:/usr/games:/usr/local/games:/usr/lib/wsl/lib:/mnt/c/Program Files/Common Files/Oracle/Java/javapath:/mnt/c/Windows/system32:/mnt/c/Windows:/mnt/c/Windows/System32/Wbem:/mnt/c/Windows/System32/WindowsPowerShell/v1.0/:/mnt/c/Windows/System32/OpenSSH/:/mnt/c/Program Files/Git/cmd:/mnt/c/Program Files/Docker/Docker/resources/bin:/mnt/c/ProgramData/DockerDesktop/version-bin:/mnt/c/Program Files/gradle-7.4.2/bin:/mnt/c/Program Files/Amazon/AWSCLIV2/:/mnt/c/ProgramData/chocolatey/bin:/mnt/c/Users/pedro/AppData/Local/Microsoft/WindowsApps:/mnt/c/Users/pedro/AppData/Local/Programs/Microsoft VS Code/bin:/mnt/c/mysql-connector-java-8.0.28.jar:/mnt/c/Users/pedro/AppData/Local/Programs/Python/Python310:/mnt/c/Users/pedro/AppData/Local/Programs/Python/Python310/Scripts:/snap/bin

Yarn version: 
  1.22.19

Node version: 
  18.3.0

Platform: 
  linux x64

Trace: 
  SyntaxError: /home/pedro/Ignite/finapi/package.json: Unexpected end of JSON input
      at JSON.parse (<anonymous>)
      at /home/pedro/.yarn/lib/cli.js:1629:59
      at Generator.next (<anonymous>)
      at step (/home/pedro/.yarn/lib/cli.js:310:30)
      at /home/pedro/.yarn/lib/cli.js:321:13

npm manifest: 
  {
    "name": "finapi",
    "version": "1.0.0",
    "main": "index.js",
    "license": "MIT",
    "scripts": {
      "dev": "nodemon src/index.js",
    "dependencies": {
      "uuid": "^8.3.2"
    }
  }

yarn manifest: 
  No manifest

Lockfile: 
  # THIS IS AN AUTOGENERATED FILE. DO NOT EDIT THIS FILE DIRECTLY.
  # yarn lockfile v1
  
  
  uuid@^8.3.2:
    version "8.3.2"
    resolved "https://registry.yarnpkg.com/uuid/-/uuid-8.3.2.tgz#80d5b5ced271bb9af6c445f21a1a04c606cefbe2"
    integrity sha512-+NYs2QeMWy+GWFOEm9xnn6HCDp0l7QBD7ml8zLUmJ+93Q5NF0NocErnwkTkXVFNiX3/fpC6afS8Dhb/gz7R7eg==
